{
"contracts/DEX.sol":{"l":{"25":78,"26":78,"27":78,"28":78,"32":20,"33":19,"34":19,"35":19,"36":1364,"37":1364,"40":1,"49":24,"51":23,"52":23,"54":23,"55":20,"56":20,"57":20,"58":20,"60":3,"61":3,"62":2,"63":2,"64":2,"67":22,"68":22,"70":22,"78":4,"79":4,"81":2,"82":2,"84":2,"85":2,"87":2,"88":2,"90":2,"91":2,"93":2,"101":12,"102":11,"104":8,"105":8,"106":8,"107":8,"115":10,"117":6,"118":6,"120":6,"121":6,"123":6,"131":1,"133":1,"134":1,"136":1,"137":1,"139":1,"143":5,"144":4,"148":9},"path":"/app/contracts/DEX.sol","s":{"1":78,"2":78,"3":20,"4":19,"5":19,"6":1,"7":24,"8":23,"9":23,"10":23,"11":20,"12":3,"13":3,"14":22,"15":4,"16":4,"17":2,"18":2,"19":2,"20":12,"21":11,"22":8,"23":8,"24":8,"25":6,"26":6,"27":6,"28":1,"29":1,"30":1,"31":5,"32":9},"b":{"1":[78,0],"2":[78,0],"3":[19,1],"4":[1,0],"5":[24,0],"6":[23,1],"7":[20,3],"8":[20,0],"9":[2,1],"10":[4,0],"11":[4,0],"12":[2,2],"13":[11,1],"14":[8,3],"15":[10,0],"16":[1,0],"17":[4,1]},"f":{"1":78,"2":20,"3":24,"4":4,"5":12,"6":10,"7":1,"8":5,"9":9},"fnMap":{"1":{"name":"constructor","line":24,"loc":{"start":{"line":24,"column":4},"end":{"line":29,"column":4}}},"2":{"name":"_sqrt","line":31,"loc":{"start":{"line":31,"column":4},"end":{"line":42,"column":4}}},"3":{"name":"addLiquidity","line":46,"loc":{"start":{"line":44,"column":4},"end":{"line":71,"column":4}}},"4":{"name":"removeLiquidity","line":75,"loc":{"start":{"line":73,"column":4},"end":{"line":94,"column":4}}},"5":{"name":"getAmountOut","line":96,"loc":{"start":{"line":96,"column":4},"end":{"line":108,"column":4}}},"6":{"name":"swapAForB","line":112,"loc":{"start":{"line":110,"column":4},"end":{"line":124,"column":4}}},"7":{"name":"swapBForA","line":128,"loc":{"start":{"line":126,"column":4},"end":{"line":140,"column":4}}},"8":{"name":"getPrice","line":142,"loc":{"start":{"line":142,"column":4},"end":{"line":145,"column":4}}},"9":{"name":"getReserves","line":147,"loc":{"start":{"line":147,"column":4},"end":{"line":149,"column":4}}}},"statementMap":{"1":{"start":{"line":25,"column":8},"end":{"line":25,"column":78}},"2":{"start":{"line":26,"column":8},"end":{"line":26,"column":54}},"3":{"start":{"line":32,"column":8},"end":{"line":32,"column":1227}},"4":{"start":{"line":34,"column":12},"end":{"line":34,"column":33}},"5":{"start":{"line":35,"column":12},"end":{"line":35,"column":1313}},"6":{"start":{"line":39,"column":15},"end":{"line":39,"column":1418}},"7":{"start":{"line":49,"column":8},"end":{"line":49,"column":57}},"8":{"start":{"line":51,"column":8},"end":{"line":51,"column":74}},"9":{"start":{"line":52,"column":8},"end":{"line":52,"column":74}},"10":{"start":{"line":54,"column":8},"end":{"line":54,"column":1853}},"11":{"start":{"line":56,"column":12},"end":{"line":56,"column":57}},"12":{"start":{"line":60,"column":12},"end":{"line":60,"column":63}},"13":{"start":{"line":61,"column":12},"end":{"line":61,"column":58}},"14":{"start":{"line":70,"column":8},"end":{"line":70,"column":74}},"15":{"start":{"line":78,"column":8},"end":{"line":78,"column":53}},"16":{"start":{"line":79,"column":8},"end":{"line":79,"column":80}},"17":{"start":{"line":90,"column":8},"end":{"line":90,"column":55}},"18":{"start":{"line":91,"column":8},"end":{"line":91,"column":55}},"19":{"start":{"line":93,"column":8},"end":{"line":93,"column":76}},"20":{"start":{"line":101,"column":8},"end":{"line":101,"column":42}},"21":{"start":{"line":102,"column":8},"end":{"line":102,"column":63}},"22":{"start":{"line":104,"column":8},"end":{"line":104,"column":48}},"23":{"start":{"line":105,"column":8},"end":{"line":105,"column":56}},"24":{"start":{"line":106,"column":8},"end":{"line":106,"column":66}},"25":{"start":{"line":117,"column":8},"end":{"line":117,"column":76}},"26":{"start":{"line":118,"column":8},"end":{"line":118,"column":58}},"27":{"start":{"line":123,"column":8},"end":{"line":123,"column":68}},"28":{"start":{"line":133,"column":8},"end":{"line":133,"column":76}},"29":{"start":{"line":134,"column":8},"end":{"line":134,"column":58}},"30":{"start":{"line":139,"column":8},"end":{"line":139,"column":68}},"31":{"start":{"line":143,"column":8},"end":{"line":143,"column":60}},"32":{"start":{"line":148,"column":8},"end":{"line":148,"column":35}}},"branchMap":{"1":{"line":25,"type":"if","locations":[{"start":{"line":25,"column":8},"end":{"line":25,"column":8}},{"start":{"line":25,"column":8},"end":{"line":25,"column":8}}]},"2":{"line":26,"type":"if","locations":[{"start":{"line":26,"column":8},"end":{"line":26,"column":8}},{"start":{"line":26,"column":8},"end":{"line":26,"column":8}}]},"3":{"line":32,"type":"if","locations":[{"start":{"line":32,"column":8},"end":{"line":32,"column":8}},{"start":{"line":32,"column":8},"end":{"line":32,"column":8}}]},"4":{"line":39,"type":"if","locations":[{"start":{"line":39,"column":15},"end":{"line":39,"column":15}},{"start":{"line":39,"column":15},"end":{"line":39,"column":15}}]},"5":{"line":46,"type":"if","locations":[{"start":{"line":46,"column":8},"end":{"line":46,"column":8}},{"start":{"line":46,"column":8},"end":{"line":46,"column":8}}]},"6":{"line":49,"type":"if","locations":[{"start":{"line":49,"column":8},"end":{"line":49,"column":8}},{"start":{"line":49,"column":8},"end":{"line":49,"column":8}}]},"7":{"line":54,"type":"if","locations":[{"start":{"line":54,"column":8},"end":{"line":54,"column":8}},{"start":{"line":54,"column":8},"end":{"line":54,"column":8}}]},"8":{"line":56,"type":"if","locations":[{"start":{"line":56,"column":12},"end":{"line":56,"column":12}},{"start":{"line":56,"column":12},"end":{"line":56,"column":12}}]},"9":{"line":61,"type":"if","locations":[{"start":{"line":61,"column":12},"end":{"line":61,"column":12}},{"start":{"line":61,"column":12},"end":{"line":61,"column":12}}]},"10":{"line":75,"type":"if","locations":[{"start":{"line":75,"column":8},"end":{"line":75,"column":8}},{"start":{"line":75,"column":8},"end":{"line":75,"column":8}}]},"11":{"line":78,"type":"if","locations":[{"start":{"line":78,"column":8},"end":{"line":78,"column":8}},{"start":{"line":78,"column":8},"end":{"line":78,"column":8}}]},"12":{"line":79,"type":"if","locations":[{"start":{"line":79,"column":8},"end":{"line":79,"column":8}},{"start":{"line":79,"column":8},"end":{"line":79,"column":8}}]},"13":{"line":101,"type":"if","locations":[{"start":{"line":101,"column":8},"end":{"line":101,"column":8}},{"start":{"line":101,"column":8},"end":{"line":101,"column":8}}]},"14":{"line":102,"type":"if","locations":[{"start":{"line":102,"column":8},"end":{"line":102,"column":8}},{"start":{"line":102,"column":8},"end":{"line":102,"column":8}}]},"15":{"line":112,"type":"if","locations":[{"start":{"line":112,"column":8},"end":{"line":112,"column":8}},{"start":{"line":112,"column":8},"end":{"line":112,"column":8}}]},"16":{"line":128,"type":"if","locations":[{"start":{"line":128,"column":8},"end":{"line":128,"column":8}},{"start":{"line":128,"column":8},"end":{"line":128,"column":8}}]},"17":{"line":143,"type":"if","locations":[{"start":{"line":143,"column":8},"end":{"line":143,"column":8}},{"start":{"line":143,"column":8},"end":{"line":143,"column":8}}]}}},
"contracts/MockERC20.sol":{"l":{"8":150,"13":50},"path":"/app/contracts/MockERC20.sol","s":{"1":150,"2":50},"b":{},"f":{"1":150,"2":50},"fnMap":{"1":{"name":"constructor","line":7,"loc":{"start":{"line":7,"column":4},"end":{"line":9,"column":4}}},"2":{"name":"mint","line":12,"loc":{"start":{"line":12,"column":4},"end":{"line":14,"column":4}}}},"statementMap":{"1":{"start":{"line":8,"column":8},"end":{"line":8,"column":42}},"2":{"start":{"line":13,"column":8},"end":{"line":13,"column":24}}},"branchMap":{}}}
