TN:
SF:/app/contracts/DEX.sol
FN:24,constructor
FN:31,_sqrt
FN:46,addLiquidity
FN:75,removeLiquidity
FN:96,getAmountOut
FN:112,swapAForB
FN:128,swapBForA
FN:142,getPrice
FN:147,getReserves
FNF:9
FNH:9
FNDA:78,constructor
FNDA:20,_sqrt
FNDA:24,addLiquidity
FNDA:4,removeLiquidity
FNDA:12,getAmountOut
FNDA:10,swapAForB
FNDA:1,swapBForA
FNDA:5,getPrice
FNDA:9,getReserves
DA:25,78
DA:26,78
DA:27,78
DA:28,78
DA:32,20
DA:33,19
DA:34,19
DA:35,19
DA:36,1364
DA:37,1364
DA:40,1
DA:49,24
DA:51,23
DA:52,23
DA:54,23
DA:55,20
DA:56,20
DA:57,20
DA:58,20
DA:60,3
DA:61,3
DA:62,2
DA:63,2
DA:64,2
DA:67,22
DA:68,22
DA:70,22
DA:78,4
DA:79,4
DA:81,2
DA:82,2
DA:84,2
DA:85,2
DA:87,2
DA:88,2
DA:90,2
DA:91,2
DA:93,2
DA:101,12
DA:102,11
DA:104,8
DA:105,8
DA:106,8
DA:107,8
DA:115,10
DA:117,6
DA:118,6
DA:120,6
DA:121,6
DA:123,6
DA:131,1
DA:133,1
DA:134,1
DA:136,1
DA:137,1
DA:139,1
DA:143,5
DA:144,4
DA:148,9
LF:59
LH:59
BRDA:25,1,0,78
BRDA:25,1,1,0
BRDA:26,2,0,78
BRDA:26,2,1,0
BRDA:32,3,0,19
BRDA:32,3,1,1
BRDA:39,4,0,1
BRDA:39,4,1,0
BRDA:46,5,0,24
BRDA:46,5,1,0
BRDA:49,6,0,23
BRDA:49,6,1,1
BRDA:54,7,0,20
BRDA:54,7,1,3
BRDA:56,8,0,20
BRDA:56,8,1,0
BRDA:61,9,0,2
BRDA:61,9,1,1
BRDA:75,10,0,4
BRDA:75,10,1,0
BRDA:78,11,0,4
BRDA:78,11,1,0
BRDA:79,12,0,2
BRDA:79,12,1,2
BRDA:101,13,0,11
BRDA:101,13,1,1
BRDA:102,14,0,8
BRDA:102,14,1,3
BRDA:112,15,0,10
BRDA:112,15,1,0
BRDA:128,16,0,1
BRDA:128,16,1,0
BRDA:143,17,0,4
BRDA:143,17,1,1
BRF:34
BRH:25
end_of_record
TN:
SF:/app/contracts/MockERC20.sol
FN:7,constructor
FN:12,mint
FNF:2
FNH:2
FNDA:150,constructor
FNDA:50,mint
DA:8,150
DA:13,50
LF:2
LH:2
BRF:0
BRH:0
end_of_record
